This is pdfTeX, Version 3.14159265-2.6-1.40.19 (MiKTeX 2.9.6700) (preloaded format=pdflatex 2018.5.29)  30 MAY 2018 14:41
entering extended mode
**"./graph theory summary small.tex"
("graph theory summary small.tex"
LaTeX2e <2018-04-01> patch level 4
Babel <3.20> and hyphenation patterns for 72 language(s) loaded.
("C:\Program Files (x86)\MiKTeX 2.9\tex\latex\base\article.cls"
Document Class: article 2014/09/29 v1.4h Standard LaTeX document class
("C:\Program Files (x86)\MiKTeX 2.9\tex\latex\base\fleqn.clo"
File: fleqn.clo 2016/12/29 v1.2a Standard LaTeX option (flush left equations)
\mathindent=\dimen102
Applying: [2015/01/01] Make \[ robust on input line 50.
LaTeX Info: Redefining \[ on input line 51.
Already applied: [0000/00/00] Make \[ robust on input line 62.
Applying: [2015/01/01] Make \] robust on input line 74.
LaTeX Info: Redefining \] on input line 75.
Already applied: [0000/00/00] Make \] robust on input line 83.
)
("C:\Program Files (x86)\MiKTeX 2.9\tex\latex\base\size10.clo"
File: size10.clo 2014/09/29 v1.4h Standard LaTeX file (size option)
)
\c@part=\count80
\c@section=\count81
\c@subsection=\count82
\c@subsubsection=\count83
\c@paragraph=\count84
\c@subparagraph=\count85
\c@figure=\count86
\c@table=\count87
\abovecaptionskip=\skip41
\belowcaptionskip=\skip42
\bibindent=\dimen103
)
("C:\Users\Janosch Ott\AppData\Roaming\MiKTeX\2.9\tex\latex\listings\listings.s
ty" ("C:\Program Files (x86)\MiKTeX 2.9\tex\latex\graphics\keyval.sty"
Package: keyval 2014/10/28 v1.15 key=value parser (DPC)
\KV@toks@=\toks14
)
\lst@mode=\count88
\lst@gtempboxa=\box26
\lst@token=\toks15
\lst@length=\count89
\lst@currlwidth=\dimen104
\lst@column=\count90
\lst@pos=\count91
\lst@lostspace=\dimen105
\lst@width=\dimen106
\lst@newlines=\count92
\lst@lineno=\count93
\lst@maxwidth=\dimen107

("C:\Users\Janosch Ott\AppData\Roaming\MiKTeX\2.9\tex\latex\listings\lstmisc.st
y"
File: lstmisc.sty 2015/06/04 1.6 (Carsten Heinz)
\c@lstnumber=\count94
\lst@skipnumbers=\count95
\lst@framebox=\box27
)
("C:\Users\Janosch Ott\AppData\Roaming\MiKTeX\2.9\tex\latex\listings\listings.c
fg"
File: listings.cfg 2015/06/04 1.6 listings configuration
))
Package: listings 2015/06/04 1.6 (Carsten Heinz)
 ("C:\Program Files (x86)\MiKTeX 2.9\tex\latex\graphics\color.sty"
Package: color 2016/07/10 v1.1e Standard LaTeX Color (DPC)

("C:\Users\Janosch Ott\AppData\Roaming\MiKTeX\2.9\tex\latex\graphics-cfg\color.
cfg"
File: color.cfg 2016/01/02 v1.6 sample color configuration
)
Package color Info: Driver file: pdftex.def on input line 147.

("C:\Users\Janosch Ott\AppData\Roaming\MiKTeX\2.9\tex\latex\graphics-def\pdftex
.def"
File: pdftex.def 2018/01/01 v1.0k Graphics/color driver for pdftex
))
("C:\Users\Janosch Ott\AppData\Roaming\MiKTeX\2.9\tex\latex\datetime\datetime.s
ty"
Package: datetime 2015/03/20 v2.60 Date Time Package

("C:\Users\Janosch Ott\AppData\Roaming\MiKTeX\2.9\tex\latex\etoolbox\etoolbox.s
ty"
Package: etoolbox 2017/11/22 v2.5 e-TeX tools for LaTeX (JAW)
\etb@tempcnta=\count96
)
("C:\Users\Janosch Ott\AppData\Roaming\MiKTeX\2.9\tex\latex\fmtcount\fmtcount.s
ty"
Package: fmtcount 2017/12/24 v3.05
 ("C:\Program Files (x86)\MiKTeX 2.9\tex\latex\base\ifthen.sty"
Package: ifthen 2014/09/29 v1.1c Standard LaTeX ifthen package (DPC)
)
("C:\Program Files (x86)\MiKTeX 2.9\tex\latex\xkeyval\xkeyval.sty"
Package: xkeyval 2014/12/03 v2.7a package option processing (HA)

("C:\Program Files (x86)\MiKTeX 2.9\tex\generic\xkeyval\xkeyval.tex"
("C:\Program Files (x86)\MiKTeX 2.9\tex\generic\xkeyval\xkvutils.tex"
\XKV@toks=\toks16
\XKV@tempa@toks=\toks17
)
\XKV@depth=\count97
File: xkeyval.tex 2014/12/03 v2.7a key=value parser (HA)
))
("C:\Users\Janosch Ott\AppData\Roaming\MiKTeX\2.9\tex\latex\fmtcount\fcprefix.s
ty"
Package: fcprefix 2012/09/28

("C:\Users\Janosch Ott\AppData\Roaming\MiKTeX\2.9\tex\latex\fmtcount\fcnumparse
r.sty"
Package: fcnumparser 2017/06/15
\fc@digit@counter=\count98
)) ("C:\Program Files (x86)\MiKTeX 2.9\tex\latex\amsmath\amsgen.sty"
File: amsgen.sty 1999/11/30 v2.0 generic functions
\@emptytoks=\toks18
\ex@=\dimen108
)
\c@padzeroesN=\count99
\fc@tmpcatcode=\count100
\@DT@modctr=\count101
\@ordinalctr=\count102
\@orgargctr=\count103
\@strctr=\count104
\@tmpstrctr=\count105
\@DT@loopN=\count106
\@DT@X=\count107
)
("C:\Users\Janosch Ott\AppData\Roaming\MiKTeX\2.9\tex\latex\datetime\datetime-d
efaults.sty"
Package: datetime-defaults 2013/09/10
)
\@day=\count108
\@month=\count109
\@year=\count110
\c@HOUR=\count111
\c@HOURXII=\count112
\c@MINUTE=\count113
\c@TOHOUR=\count114
\c@TOMINUTE=\count115
\c@SECOND=\count116
\currenthour=\count117
\currentminute=\count118
\currentsecond=\count119
Package datetime Info: No datetime.cfg file found, using default settings on in
put line 308.
\@dtctr=\count120
\dayofyear=\count121
\dayofweek=\count122
LaTeX Info: Redefining \today on input line 736.
\dt@a=\toks19
\dt@b=\toks20
)
("C:\Program Files (x86)\MiKTeX 2.9\tex\latex\geometry\geometry.sty"
Package: geometry 2018/04/16 v5.8 Page Geometry

("C:\Program Files (x86)\MiKTeX 2.9\tex\generic\oberdiek\ifpdf.sty"
Package: ifpdf 2017/03/15 v3.2 Provides the ifpdf switch
)
("C:\Program Files (x86)\MiKTeX 2.9\tex\generic\oberdiek\ifvtex.sty"
Package: ifvtex 2016/05/16 v1.6 Detect VTeX and its facilities (HO)
Package ifvtex Info: VTeX not detected.
)
("C:\Program Files (x86)\MiKTeX 2.9\tex\generic\ifxetex\ifxetex.sty"
Package: ifxetex 2010/09/12 v0.6 Provides ifxetex conditional
)
\Gm@cnth=\count123
\Gm@cntv=\count124
\c@Gm@tempcnt=\count125
\Gm@bindingoffset=\dimen109
\Gm@wd@mp=\dimen110
\Gm@odd@mp=\dimen111
\Gm@even@mp=\dimen112
\Gm@layoutwidth=\dimen113
\Gm@layoutheight=\dimen114
\Gm@layouthoffset=\dimen115
\Gm@layoutvoffset=\dimen116
\Gm@dimlist=\toks21

("C:\Program Files (x86)\MiKTeX 2.9\tex\latex\geometry\geometry.cfg"))
("C:\Program Files (x86)\MiKTeX 2.9\tex\latex\base\inputenc.sty"
Package: inputenc 2018/04/06 v1.3b Input encoding file
\inpenc@prehook=\toks22
\inpenc@posthook=\toks23
)
("C:\Program Files (x86)\MiKTeX 2.9\tex\latex\base\textcomp.sty"
Package: textcomp 2017/04/05 v2.0i Standard LaTeX package
Package textcomp Info: Sub-encoding information:
(textcomp)               5 = only ISO-Adobe without \textcurrency
(textcomp)               4 = 5 + \texteuro
(textcomp)               3 = 4 + \textohm
(textcomp)               2 = 3 + \textestimated + \textcurrency
(textcomp)               1 = TS1 - \textcircled - \t
(textcomp)               0 = TS1 (full)
(textcomp)             Font families with sub-encoding setting implement
(textcomp)             only a restricted character set as indicated.
(textcomp)             Family '?' is the default used for unknown fonts.
(textcomp)             See the documentation for details.
Package textcomp Info: Setting ? sub-encoding to TS1/1 on input line 79.

("C:\Program Files (x86)\MiKTeX 2.9\tex\latex\base\ts1enc.def"
File: ts1enc.def 2001/06/05 v3.0e (jk/car/fm) Standard LaTeX file
Now handling font encoding TS1 ...
... processing UTF-8 mapping file for font encoding TS1

("C:\Program Files (x86)\MiKTeX 2.9\tex\latex\base\ts1enc.dfu"
File: ts1enc.dfu 2018/04/05 v1.2c UTF-8 support for inputenc
   defining Unicode char U+00A2 (decimal 162)
   defining Unicode char U+00A3 (decimal 163)
   defining Unicode char U+00A4 (decimal 164)
   defining Unicode char U+00A5 (decimal 165)
   defining Unicode char U+00A6 (decimal 166)
   defining Unicode char U+00A7 (decimal 167)
   defining Unicode char U+00A8 (decimal 168)
   defining Unicode char U+00A9 (decimal 169)
   defining Unicode char U+00AA (decimal 170)
   defining Unicode char U+00AC (decimal 172)
   defining Unicode char U+00AE (decimal 174)
   defining Unicode char U+00AF (decimal 175)
   defining Unicode char U+00B0 (decimal 176)
   defining Unicode char U+00B1 (decimal 177)
   defining Unicode char U+00B2 (decimal 178)
   defining Unicode char U+00B3 (decimal 179)
   defining Unicode char U+00B4 (decimal 180)
   defining Unicode char U+00B5 (decimal 181)
   defining Unicode char U+00B6 (decimal 182)
   defining Unicode char U+00B7 (decimal 183)
   defining Unicode char U+00B9 (decimal 185)
   defining Unicode char U+00BA (decimal 186)
   defining Unicode char U+00BC (decimal 188)
   defining Unicode char U+00BD (decimal 189)
   defining Unicode char U+00BE (decimal 190)
   defining Unicode char U+00D7 (decimal 215)
   defining Unicode char U+00F7 (decimal 247)
   defining Unicode char U+0192 (decimal 402)
   defining Unicode char U+02C7 (decimal 711)
   defining Unicode char U+02D8 (decimal 728)
   defining Unicode char U+02DD (decimal 733)
   defining Unicode char U+0E3F (decimal 3647)
   defining Unicode char U+2016 (decimal 8214)
   defining Unicode char U+2020 (decimal 8224)
   defining Unicode char U+2021 (decimal 8225)
   defining Unicode char U+2022 (decimal 8226)
   defining Unicode char U+2030 (decimal 8240)
   defining Unicode char U+2031 (decimal 8241)
   defining Unicode char U+203B (decimal 8251)
   defining Unicode char U+203D (decimal 8253)
   defining Unicode char U+2044 (decimal 8260)
   defining Unicode char U+204E (decimal 8270)
   defining Unicode char U+2052 (decimal 8274)
   defining Unicode char U+20A1 (decimal 8353)
   defining Unicode char U+20A4 (decimal 8356)
   defining Unicode char U+20A6 (decimal 8358)
   defining Unicode char U+20A9 (decimal 8361)
   defining Unicode char U+20AB (decimal 8363)
   defining Unicode char U+20AC (decimal 8364)
   defining Unicode char U+20B1 (decimal 8369)
   defining Unicode char U+2103 (decimal 8451)
   defining Unicode char U+2116 (decimal 8470)
   defining Unicode char U+2117 (decimal 8471)
   defining Unicode char U+211E (decimal 8478)
   defining Unicode char U+2120 (decimal 8480)
   defining Unicode char U+2122 (decimal 8482)
   defining Unicode char U+2126 (decimal 8486)
   defining Unicode char U+2127 (decimal 8487)
   defining Unicode char U+212E (decimal 8494)
   defining Unicode char U+2190 (decimal 8592)
   defining Unicode char U+2191 (decimal 8593)
   defining Unicode char U+2192 (decimal 8594)
   defining Unicode char U+2193 (decimal 8595)
   defining Unicode char U+2329 (decimal 9001)
   defining Unicode char U+232A (decimal 9002)
   defining Unicode char U+2422 (decimal 9250)
   defining Unicode char U+25E6 (decimal 9702)
   defining Unicode char U+25EF (decimal 9711)
   defining Unicode char U+266A (decimal 9834)
   defining Unicode char U+FEFF (decimal 65279)
))
LaTeX Info: Redefining \oldstylenums on input line 334.
Package textcomp Info: Setting cmr sub-encoding to TS1/0 on input line 349.
Package textcomp Info: Setting cmss sub-encoding to TS1/0 on input line 350.
Package textcomp Info: Setting cmtt sub-encoding to TS1/0 on input line 351.
Package textcomp Info: Setting cmvtt sub-encoding to TS1/0 on input line 352.
Package textcomp Info: Setting cmbr sub-encoding to TS1/0 on input line 353.
Package textcomp Info: Setting cmtl sub-encoding to TS1/0 on input line 354.
Package textcomp Info: Setting ccr sub-encoding to TS1/0 on input line 355.
Package textcomp Info: Setting ptm sub-encoding to TS1/4 on input line 356.
Package textcomp Info: Setting pcr sub-encoding to TS1/4 on input line 357.
Package textcomp Info: Setting phv sub-encoding to TS1/4 on input line 358.
Package textcomp Info: Setting ppl sub-encoding to TS1/3 on input line 359.
Package textcomp Info: Setting pag sub-encoding to TS1/4 on input line 360.
Package textcomp Info: Setting pbk sub-encoding to TS1/4 on input line 361.
Package textcomp Info: Setting pnc sub-encoding to TS1/4 on input line 362.
Package textcomp Info: Setting pzc sub-encoding to TS1/4 on input line 363.
Package textcomp Info: Setting bch sub-encoding to TS1/4 on input line 364.
Package textcomp Info: Setting put sub-encoding to TS1/5 on input line 365.
Package textcomp Info: Setting uag sub-encoding to TS1/5 on input line 366.
Package textcomp Info: Setting ugq sub-encoding to TS1/5 on input line 367.
Package textcomp Info: Setting ul8 sub-encoding to TS1/4 on input line 368.
Package textcomp Info: Setting ul9 sub-encoding to TS1/4 on input line 369.
Package textcomp Info: Setting augie sub-encoding to TS1/5 on input line 370.
Package textcomp Info: Setting dayrom sub-encoding to TS1/3 on input line 371.
Package textcomp Info: Setting dayroms sub-encoding to TS1/3 on input line 372.

Package textcomp Info: Setting pxr sub-encoding to TS1/0 on input line 373.
Package textcomp Info: Setting pxss sub-encoding to TS1/0 on input line 374.
Package textcomp Info: Setting pxtt sub-encoding to TS1/0 on input line 375.
Package textcomp Info: Setting txr sub-encoding to TS1/0 on input line 376.
Package textcomp Info: Setting txss sub-encoding to TS1/0 on input line 377.
Package textcomp Info: Setting txtt sub-encoding to TS1/0 on input line 378.
Package textcomp Info: Setting lmr sub-encoding to TS1/0 on input line 379.
Package textcomp Info: Setting lmdh sub-encoding to TS1/0 on input line 380.
Package textcomp Info: Setting lmss sub-encoding to TS1/0 on input line 381.
Package textcomp Info: Setting lmssq sub-encoding to TS1/0 on input line 382.
Package textcomp Info: Setting lmvtt sub-encoding to TS1/0 on input line 383.
Package textcomp Info: Setting lmtt sub-encoding to TS1/0 on input line 384.
Package textcomp Info: Setting qhv sub-encoding to TS1/0 on input line 385.
Package textcomp Info: Setting qag sub-encoding to TS1/0 on input line 386.
Package textcomp Info: Setting qbk sub-encoding to TS1/0 on input line 387.
Package textcomp Info: Setting qcr sub-encoding to TS1/0 on input line 388.
Package textcomp Info: Setting qcs sub-encoding to TS1/0 on input line 389.
Package textcomp Info: Setting qpl sub-encoding to TS1/0 on input line 390.
Package textcomp Info: Setting qtm sub-encoding to TS1/0 on input line 391.
Package textcomp Info: Setting qzc sub-encoding to TS1/0 on input line 392.
Package textcomp Info: Setting qhvc sub-encoding to TS1/0 on input line 393.
Package textcomp Info: Setting futs sub-encoding to TS1/4 on input line 394.
Package textcomp Info: Setting futx sub-encoding to TS1/4 on input line 395.
Package textcomp Info: Setting futj sub-encoding to TS1/4 on input line 396.
Package textcomp Info: Setting hlh sub-encoding to TS1/3 on input line 397.
Package textcomp Info: Setting hls sub-encoding to TS1/3 on input line 398.
Package textcomp Info: Setting hlst sub-encoding to TS1/3 on input line 399.
Package textcomp Info: Setting hlct sub-encoding to TS1/5 on input line 400.
Package textcomp Info: Setting hlx sub-encoding to TS1/5 on input line 401.
Package textcomp Info: Setting hlce sub-encoding to TS1/5 on input line 402.
Package textcomp Info: Setting hlcn sub-encoding to TS1/5 on input line 403.
Package textcomp Info: Setting hlcw sub-encoding to TS1/5 on input line 404.
Package textcomp Info: Setting hlcf sub-encoding to TS1/5 on input line 405.
Package textcomp Info: Setting pplx sub-encoding to TS1/3 on input line 406.
Package textcomp Info: Setting pplj sub-encoding to TS1/3 on input line 407.
Package textcomp Info: Setting ptmx sub-encoding to TS1/4 on input line 408.
Package textcomp Info: Setting ptmj sub-encoding to TS1/4 on input line 409.
)
("C:\Program Files (x86)\MiKTeX 2.9\tex\latex\amsfonts\amssymb.sty"
Package: amssymb 2013/01/14 v3.01 AMS font symbols

("C:\Program Files (x86)\MiKTeX 2.9\tex\latex\amsfonts\amsfonts.sty"
Package: amsfonts 2013/01/14 v3.01 Basic AMSFonts support
\symAMSa=\mathgroup4
\symAMSb=\mathgroup5
LaTeX Font Info:    Overwriting math alphabet `\mathfrak' in version `bold'
(Font)                  U/euf/m/n --> U/euf/b/n on input line 106.
))
("C:\Program Files (x86)\MiKTeX 2.9\tex\latex\amsmath\amsmath.sty"
Package: amsmath 2017/09/02 v2.17a AMS math features
\@mathmargin=\skip43

For additional information on amsmath, use the `?' option.
("C:\Program Files (x86)\MiKTeX 2.9\tex\latex\amsmath\amstext.sty"
Package: amstext 2000/06/29 v2.01 AMS text
)
("C:\Program Files (x86)\MiKTeX 2.9\tex\latex\amsmath\amsbsy.sty"
Package: amsbsy 1999/11/29 v1.2d Bold Symbols
\pmbraise@=\dimen117
)
("C:\Program Files (x86)\MiKTeX 2.9\tex\latex\amsmath\amsopn.sty"
Package: amsopn 2016/03/08 v2.02 operator names
)
\inf@bad=\count126
LaTeX Info: Redefining \frac on input line 213.
\uproot@=\count127
\leftroot@=\count128
LaTeX Info: Redefining \overline on input line 375.
\classnum@=\count129
\DOTSCASE@=\count130
LaTeX Info: Redefining \ldots on input line 472.
LaTeX Info: Redefining \dots on input line 475.
LaTeX Info: Redefining \cdots on input line 596.
\Mathstrutbox@=\box28
\strutbox@=\box29
\big@size=\dimen118
LaTeX Font Info:    Redeclaring font encoding OML on input line 712.
LaTeX Font Info:    Redeclaring font encoding OMS on input line 713.
\macc@depth=\count131
\c@MaxMatrixCols=\count132
\dotsspace@=\muskip10
\c@parentequation=\count133
\dspbrk@lvl=\count134
\tag@help=\toks24
\row@=\count135
\column@=\count136
\maxfields@=\count137
\andhelp@=\toks25
\eqnshift@=\dimen119
\alignsep@=\dimen120
\tagshift@=\dimen121
\tagwidth@=\dimen122
\totwidth@=\dimen123
\lineht@=\dimen124
\@envbody=\toks26
\multlinegap=\skip44
\multlinetaggap=\skip45
\mathdisplay@stack=\toks27
LaTeX Info: Redefining \[ on input line 2817.
LaTeX Info: Redefining \] on input line 2818.
)
("C:\Program Files (x86)\MiKTeX 2.9\tex\latex\amscls\amsthm.sty"
Package: amsthm 2017/10/31 v2.20.4
\thm@style=\toks28
\thm@bodyfont=\toks29
\thm@headfont=\toks30
\thm@notefont=\toks31
\thm@headpunct=\toks32
\thm@preskip=\skip46
\thm@postskip=\skip47
\thm@headsep=\skip48
\dth@everypar=\toks33
)
("C:\Users\Janosch Ott\AppData\Roaming\MiKTeX\2.9\tex\latex\mathtools\mathtools
.sty"
Package: mathtools 2018/01/08 v1.21 mathematical typesetting tools
 ("C:\Program Files (x86)\MiKTeX 2.9\tex\latex\tools\calc.sty"
Package: calc 2017/05/25 v4.3 Infix arithmetic (KKT,FJ)
\calc@Acount=\count138
\calc@Bcount=\count139
\calc@Adimen=\dimen125
\calc@Bdimen=\dimen126
\calc@Askip=\skip49
\calc@Bskip=\skip50
LaTeX Info: Redefining \setlength on input line 80.
LaTeX Info: Redefining \addtolength on input line 81.
\calc@Ccount=\count140
\calc@Cskip=\skip51
)
("C:\Users\Janosch Ott\AppData\Roaming\MiKTeX\2.9\tex\latex\mathtools\mhsetup.s
ty"
Package: mhsetup 2017/03/31 v1.3 programming setup (MH)
)
LaTeX Info: Thecontrolsequence`\('isalreadyrobust on input line 129.
LaTeX Info: Thecontrolsequence`\)'isalreadyrobust on input line 129.
LaTeX Info: Thecontrolsequence`\['isalreadyrobust on input line 129.
LaTeX Info: Thecontrolsequence`\]'isalreadyrobust on input line 129.
\g_MT_multlinerow_int=\count141
\l_MT_multwidth_dim=\dimen127
\origjot=\skip52
\l_MT_shortvdotswithinadjustabove_dim=\dimen128
\l_MT_shortvdotswithinadjustbelow_dim=\dimen129
\l_MT_above_intertext_sep=\dimen130
\l_MT_below_intertext_sep=\dimen131
\l_MT_above_shortintertext_sep=\dimen132
\l_MT_below_shortintertext_sep=\dimen133
)
("C:\Users\Janosch Ott\AppData\Roaming\MiKTeX\2.9\tex\latex\pgfplots\pgfplots.s
ty"
("C:\Users\Janosch Ott\AppData\Roaming\MiKTeX\2.9\tex\generic\pgfplots\pgfplots
.revision.tex")
Package: pgfplots 2017/06/05 v1.15 Data Visualization (1.15)

("C:\Program Files (x86)\MiKTeX 2.9\tex\latex\graphics\graphicx.sty"
Package: graphicx 2017/06/01 v1.1a Enhanced LaTeX Graphics (DPC,SPQR)

("C:\Program Files (x86)\MiKTeX 2.9\tex\latex\graphics\graphics.sty"
Package: graphics 2017/06/25 v1.2c Standard LaTeX Graphics (DPC,SPQR)

("C:\Program Files (x86)\MiKTeX 2.9\tex\latex\graphics\trig.sty"
Package: trig 2016/01/03 v1.10 sin cos tan (DPC)
)
("C:\Users\Janosch Ott\AppData\Roaming\MiKTeX\2.9\tex\latex\graphics-cfg\graphi
cs.cfg"
File: graphics.cfg 2016/06/04 v1.11 sample graphics configuration
)
Package graphics Info: Driver file: pdftex.def on input line 99.
)
\Gin@req@height=\dimen134
\Gin@req@width=\dimen135
)
("C:\Users\Janosch Ott\AppData\Roaming\MiKTeX\2.9\tex\latex\pgf\frontendlayer\t
ikz.sty"
("C:\Users\Janosch Ott\AppData\Roaming\MiKTeX\2.9\tex\latex\pgf\basiclayer\pgf.
sty"
("C:\Users\Janosch Ott\AppData\Roaming\MiKTeX\2.9\tex\latex\pgf\utilities\pgfrc
s.sty"
("C:\Users\Janosch Ott\AppData\Roaming\MiKTeX\2.9\tex\generic\pgf\utilities\pgf
util-common.tex"
\pgfutil@everybye=\toks34
\pgfutil@tempdima=\dimen136
\pgfutil@tempdimb=\dimen137

("C:\Users\Janosch Ott\AppData\Roaming\MiKTeX\2.9\tex\generic\pgf\utilities\pgf
util-common-lists.tex"))
("C:\Users\Janosch Ott\AppData\Roaming\MiKTeX\2.9\tex\generic\pgf\utilities\pgf
util-latex.def"
\pgfutil@abb=\box30

("C:\Users\Janosch Ott\AppData\Roaming\MiKTeX\2.9\tex\latex\ms\everyshi.sty"
Package: everyshi 2001/05/15 v3.00 EveryShipout Package (MS)
))
("C:\Users\Janosch Ott\AppData\Roaming\MiKTeX\2.9\tex\generic\pgf\utilities\pgf
rcs.code.tex"
Package: pgfrcs 2015/08/07 v3.0.1a (rcs-revision 1.31)
))
Package: pgf 2015/08/07 v3.0.1a (rcs-revision 1.15)

("C:\Users\Janosch Ott\AppData\Roaming\MiKTeX\2.9\tex\latex\pgf\basiclayer\pgfc
ore.sty"
("C:\Users\Janosch Ott\AppData\Roaming\MiKTeX\2.9\tex\latex\pgf\systemlayer\pgf
sys.sty"
("C:\Users\Janosch Ott\AppData\Roaming\MiKTeX\2.9\tex\generic\pgf\systemlayer\p
gfsys.code.tex"
Package: pgfsys 2014/07/09 v3.0.1a (rcs-revision 1.48)

("C:\Users\Janosch Ott\AppData\Roaming\MiKTeX\2.9\tex\generic\pgf\utilities\pgf
keys.code.tex"
\pgfkeys@pathtoks=\toks35
\pgfkeys@temptoks=\toks36

("C:\Users\Janosch Ott\AppData\Roaming\MiKTeX\2.9\tex\generic\pgf\utilities\pgf
keysfiltered.code.tex"
\pgfkeys@tmptoks=\toks37
))
\pgf@x=\dimen138
\pgf@y=\dimen139
\pgf@xa=\dimen140
\pgf@ya=\dimen141
\pgf@xb=\dimen142
\pgf@yb=\dimen143
\pgf@xc=\dimen144
\pgf@yc=\dimen145
\w@pgf@writea=\write3
\r@pgf@reada=\read1
\c@pgf@counta=\count142
\c@pgf@countb=\count143
\c@pgf@countc=\count144
\c@pgf@countd=\count145
\t@pgf@toka=\toks38
\t@pgf@tokb=\toks39
\t@pgf@tokc=\toks40

("C:\Users\Janosch Ott\AppData\Roaming\MiKTeX\2.9\tex\generic\pgf\systemlayer\p
gf.cfg"
File: pgf.cfg 2008/05/14  (rcs-revision 1.7)
)
Driver file for pgf: pgfsys-pdftex.def

("C:\Users\Janosch Ott\AppData\Roaming\MiKTeX\2.9\tex\generic\pgf\systemlayer\p
gfsys-pdftex.def"
File: pgfsys-pdftex.def 2014/10/11  (rcs-revision 1.35)

("C:\Users\Janosch Ott\AppData\Roaming\MiKTeX\2.9\tex\generic\pgf\systemlayer\p
gfsys-common-pdf.def"
File: pgfsys-common-pdf.def 2013/10/10  (rcs-revision 1.13)
)))
("C:\Users\Janosch Ott\AppData\Roaming\MiKTeX\2.9\tex\generic\pgf\systemlayer\p
gfsyssoftpath.code.tex"
File: pgfsyssoftpath.code.tex 2013/09/09  (rcs-revision 1.9)
\pgfsyssoftpath@smallbuffer@items=\count146
\pgfsyssoftpath@bigbuffer@items=\count147
)
("C:\Users\Janosch Ott\AppData\Roaming\MiKTeX\2.9\tex\generic\pgf\systemlayer\p
gfsysprotocol.code.tex"
File: pgfsysprotocol.code.tex 2006/10/16  (rcs-revision 1.4)
))
("C:\Users\Janosch Ott\AppData\Roaming\MiKTeX\2.9\tex\latex\xcolor\xcolor.sty"
Package: xcolor 2016/05/11 v2.12 LaTeX color extensions (UK)

("C:\Users\Janosch Ott\AppData\Roaming\MiKTeX\2.9\tex\latex\graphics-cfg\color.
cfg"
File: color.cfg 2016/01/02 v1.6 sample color configuration
)
Package xcolor Info: Driver file: pdftex.def on input line 225.
LaTeX Info: Redefining \color on input line 709.
Package xcolor Info: Model `cmy' substituted by `cmy0' on input line 1348.
Package xcolor Info: Model `hsb' substituted by `rgb' on input line 1352.
Package xcolor Info: Model `RGB' extended on input line 1364.
Package xcolor Info: Model `HTML' substituted by `rgb' on input line 1366.
Package xcolor Info: Model `Hsb' substituted by `hsb' on input line 1367.
Package xcolor Info: Model `tHsb' substituted by `hsb' on input line 1368.
Package xcolor Info: Model `HSB' substituted by `hsb' on input line 1369.
Package xcolor Info: Model `Gray' substituted by `gray' on input line 1370.
Package xcolor Info: Model `wave' substituted by `hsb' on input line 1371.
)
("C:\Users\Janosch Ott\AppData\Roaming\MiKTeX\2.9\tex\generic\pgf\basiclayer\pg
fcore.code.tex"
Package: pgfcore 2010/04/11 v3.0.1a (rcs-revision 1.7)

("C:\Users\Janosch Ott\AppData\Roaming\MiKTeX\2.9\tex\generic\pgf\math\pgfmath.
code.tex"
("C:\Users\Janosch Ott\AppData\Roaming\MiKTeX\2.9\tex\generic\pgf\math\pgfmathc
alc.code.tex"
("C:\Users\Janosch Ott\AppData\Roaming\MiKTeX\2.9\tex\generic\pgf\math\pgfmathu
til.code.tex")
("C:\Users\Janosch Ott\AppData\Roaming\MiKTeX\2.9\tex\generic\pgf\math\pgfmathp
arser.code.tex"
\pgfmath@dimen=\dimen146
\pgfmath@count=\count148
\pgfmath@box=\box31
\pgfmath@toks=\toks41
\pgfmath@stack@operand=\toks42
\pgfmath@stack@operation=\toks43
)
("C:\Users\Janosch Ott\AppData\Roaming\MiKTeX\2.9\tex\generic\pgf\math\pgfmathf
unctions.code.tex"
("C:\Users\Janosch Ott\AppData\Roaming\MiKTeX\2.9\tex\generic\pgf\math\pgfmathf
unctions.basic.code.tex")
("C:\Users\Janosch Ott\AppData\Roaming\MiKTeX\2.9\tex\generic\pgf\math\pgfmathf
unctions.trigonometric.code.tex")
("C:\Users\Janosch Ott\AppData\Roaming\MiKTeX\2.9\tex\generic\pgf\math\pgfmathf
unctions.random.code.tex")
("C:\Users\Janosch Ott\AppData\Roaming\MiKTeX\2.9\tex\generic\pgf\math\pgfmathf
unctions.comparison.code.tex")
("C:\Users\Janosch Ott\AppData\Roaming\MiKTeX\2.9\tex\generic\pgf\math\pgfmathf
unctions.base.code.tex")
("C:\Users\Janosch Ott\AppData\Roaming\MiKTeX\2.9\tex\generic\pgf\math\pgfmathf
unctions.round.code.tex")
("C:\Users\Janosch Ott\AppData\Roaming\MiKTeX\2.9\tex\generic\pgf\math\pgfmathf
unctions.misc.code.tex")
("C:\Users\Janosch Ott\AppData\Roaming\MiKTeX\2.9\tex\generic\pgf\math\pgfmathf
unctions.integerarithmetics.code.tex")))
("C:\Users\Janosch Ott\AppData\Roaming\MiKTeX\2.9\tex\generic\pgf\math\pgfmathf
loat.code.tex"
\c@pgfmathroundto@lastzeros=\count149
))
("C:\Users\Janosch Ott\AppData\Roaming\MiKTeX\2.9\tex\generic\pgf\basiclayer\pg
fcorepoints.code.tex"
File: pgfcorepoints.code.tex 2013/10/07  (rcs-revision 1.27)
\pgf@picminx=\dimen147
\pgf@picmaxx=\dimen148
\pgf@picminy=\dimen149
\pgf@picmaxy=\dimen150
\pgf@pathminx=\dimen151
\pgf@pathmaxx=\dimen152
\pgf@pathminy=\dimen153
\pgf@pathmaxy=\dimen154
\pgf@xx=\dimen155
\pgf@xy=\dimen156
\pgf@yx=\dimen157
\pgf@yy=\dimen158
\pgf@zx=\dimen159
\pgf@zy=\dimen160
)
("C:\Users\Janosch Ott\AppData\Roaming\MiKTeX\2.9\tex\generic\pgf\basiclayer\pg
fcorepathconstruct.code.tex"
File: pgfcorepathconstruct.code.tex 2013/10/07  (rcs-revision 1.29)
\pgf@path@lastx=\dimen161
\pgf@path@lasty=\dimen162
)
("C:\Users\Janosch Ott\AppData\Roaming\MiKTeX\2.9\tex\generic\pgf\basiclayer\pg
fcorepathusage.code.tex"
File: pgfcorepathusage.code.tex 2014/11/02  (rcs-revision 1.24)
\pgf@shorten@end@additional=\dimen163
\pgf@shorten@start@additional=\dimen164
)
("C:\Users\Janosch Ott\AppData\Roaming\MiKTeX\2.9\tex\generic\pgf\basiclayer\pg
fcorescopes.code.tex"
File: pgfcorescopes.code.tex 2015/05/08  (rcs-revision 1.46)
\pgfpic=\box32
\pgf@hbox=\box33
\pgf@layerbox@main=\box34
\pgf@picture@serial@count=\count150
)
("C:\Users\Janosch Ott\AppData\Roaming\MiKTeX\2.9\tex\generic\pgf\basiclayer\pg
fcoregraphicstate.code.tex"
File: pgfcoregraphicstate.code.tex 2014/11/02  (rcs-revision 1.12)
\pgflinewidth=\dimen165
)
("C:\Users\Janosch Ott\AppData\Roaming\MiKTeX\2.9\tex\generic\pgf\basiclayer\pg
fcoretransformations.code.tex"
File: pgfcoretransformations.code.tex 2015/08/07  (rcs-revision 1.20)
\pgf@pt@x=\dimen166
\pgf@pt@y=\dimen167
\pgf@pt@temp=\dimen168
)
("C:\Users\Janosch Ott\AppData\Roaming\MiKTeX\2.9\tex\generic\pgf\basiclayer\pg
fcorequick.code.tex"
File: pgfcorequick.code.tex 2008/10/09  (rcs-revision 1.3)
)
("C:\Users\Janosch Ott\AppData\Roaming\MiKTeX\2.9\tex\generic\pgf\basiclayer\pg
fcoreobjects.code.tex"
File: pgfcoreobjects.code.tex 2006/10/11  (rcs-revision 1.2)
)
("C:\Users\Janosch Ott\AppData\Roaming\MiKTeX\2.9\tex\generic\pgf\basiclayer\pg
fcorepathprocessing.code.tex"
File: pgfcorepathprocessing.code.tex 2013/09/09  (rcs-revision 1.9)
)
("C:\Users\Janosch Ott\AppData\Roaming\MiKTeX\2.9\tex\generic\pgf\basiclayer\pg
fcorearrows.code.tex"
File: pgfcorearrows.code.tex 2015/05/14  (rcs-revision 1.43)
\pgfarrowsep=\dimen169
)
("C:\Users\Janosch Ott\AppData\Roaming\MiKTeX\2.9\tex\generic\pgf\basiclayer\pg
fcoreshade.code.tex"
File: pgfcoreshade.code.tex 2013/07/15  (rcs-revision 1.15)
\pgf@max=\dimen170
\pgf@sys@shading@range@num=\count151
)
("C:\Users\Janosch Ott\AppData\Roaming\MiKTeX\2.9\tex\generic\pgf\basiclayer\pg
fcoreimage.code.tex"
File: pgfcoreimage.code.tex 2013/07/15  (rcs-revision 1.18)

("C:\Users\Janosch Ott\AppData\Roaming\MiKTeX\2.9\tex\generic\pgf\basiclayer\pg
fcoreexternal.code.tex"
File: pgfcoreexternal.code.tex 2014/07/09  (rcs-revision 1.21)
\pgfexternal@startupbox=\box35
))
("C:\Users\Janosch Ott\AppData\Roaming\MiKTeX\2.9\tex\generic\pgf\basiclayer\pg
fcorelayers.code.tex"
File: pgfcorelayers.code.tex 2013/07/18  (rcs-revision 1.7)
)
("C:\Users\Janosch Ott\AppData\Roaming\MiKTeX\2.9\tex\generic\pgf\basiclayer\pg
fcoretransparency.code.tex"
File: pgfcoretransparency.code.tex 2013/09/30  (rcs-revision 1.5)
)
("C:\Users\Janosch Ott\AppData\Roaming\MiKTeX\2.9\tex\generic\pgf\basiclayer\pg
fcorepatterns.code.tex"
File: pgfcorepatterns.code.tex 2013/11/07  (rcs-revision 1.5)
)))
("C:\Users\Janosch Ott\AppData\Roaming\MiKTeX\2.9\tex\generic\pgf\modules\pgfmo
duleshapes.code.tex"
File: pgfmoduleshapes.code.tex 2014/03/21  (rcs-revision 1.35)
\pgfnodeparttextbox=\box36
)
("C:\Users\Janosch Ott\AppData\Roaming\MiKTeX\2.9\tex\generic\pgf\modules\pgfmo
duleplot.code.tex"
File: pgfmoduleplot.code.tex 2015/08/03  (rcs-revision 1.13)
)
("C:\Users\Janosch Ott\AppData\Roaming\MiKTeX\2.9\tex\latex\pgf\compatibility\p
gfcomp-version-0-65.sty"
Package: pgfcomp-version-0-65 2007/07/03 v3.0.1a (rcs-revision 1.7)
\pgf@nodesepstart=\dimen171
\pgf@nodesepend=\dimen172
)
("C:\Users\Janosch Ott\AppData\Roaming\MiKTeX\2.9\tex\latex\pgf\compatibility\p
gfcomp-version-1-18.sty"
Package: pgfcomp-version-1-18 2007/07/23 v3.0.1a (rcs-revision 1.1)
))
("C:\Users\Janosch Ott\AppData\Roaming\MiKTeX\2.9\tex\latex\pgf\utilities\pgffo
r.sty"
("C:\Users\Janosch Ott\AppData\Roaming\MiKTeX\2.9\tex\latex\pgf\utilities\pgfke
ys.sty"
("C:\Users\Janosch Ott\AppData\Roaming\MiKTeX\2.9\tex\generic\pgf\utilities\pgf
keys.code.tex"))
("C:\Users\Janosch Ott\AppData\Roaming\MiKTeX\2.9\tex\latex\pgf\math\pgfmath.st
y"
("C:\Users\Janosch Ott\AppData\Roaming\MiKTeX\2.9\tex\generic\pgf\math\pgfmath.
code.tex"))
("C:\Users\Janosch Ott\AppData\Roaming\MiKTeX\2.9\tex\generic\pgf\utilities\pgf
for.code.tex"
Package: pgffor 2013/12/13 v3.0.1a (rcs-revision 1.25)

("C:\Users\Janosch Ott\AppData\Roaming\MiKTeX\2.9\tex\generic\pgf\math\pgfmath.
code.tex")
\pgffor@iter=\dimen173
\pgffor@skip=\dimen174
\pgffor@stack=\toks44
\pgffor@toks=\toks45
))
("C:\Users\Janosch Ott\AppData\Roaming\MiKTeX\2.9\tex\generic\pgf\frontendlayer
\tikz\tikz.code.tex"
Package: tikz 2015/08/07 v3.0.1a (rcs-revision 1.151)

("C:\Users\Janosch Ott\AppData\Roaming\MiKTeX\2.9\tex\generic\pgf\libraries\pgf
libraryplothandlers.code.tex"
File: pgflibraryplothandlers.code.tex 2013/08/31 v3.0.1a (rcs-revision 1.20)
\pgf@plot@mark@count=\count152
\pgfplotmarksize=\dimen175
)
\tikz@lastx=\dimen176
\tikz@lasty=\dimen177
\tikz@lastxsaved=\dimen178
\tikz@lastysaved=\dimen179
\tikzleveldistance=\dimen180
\tikzsiblingdistance=\dimen181
\tikz@figbox=\box37
\tikz@figbox@bg=\box38
\tikz@tempbox=\box39
\tikz@tempbox@bg=\box40
\tikztreelevel=\count153
\tikznumberofchildren=\count154
\tikznumberofcurrentchild=\count155
\tikz@fig@count=\count156

("C:\Users\Janosch Ott\AppData\Roaming\MiKTeX\2.9\tex\generic\pgf\modules\pgfmo
dulematrix.code.tex"
File: pgfmodulematrix.code.tex 2013/09/17  (rcs-revision 1.8)
\pgfmatrixcurrentrow=\count157
\pgfmatrixcurrentcolumn=\count158
\pgf@matrix@numberofcolumns=\count159
)
\tikz@expandcount=\count160

("C:\Users\Janosch Ott\AppData\Roaming\MiKTeX\2.9\tex\generic\pgf\frontendlayer
\tikz\libraries\tikzlibrarytopaths.code.tex"
File: tikzlibrarytopaths.code.tex 2008/06/17 v3.0.1a (rcs-revision 1.2)
)))
("C:\Users\Janosch Ott\AppData\Roaming\MiKTeX\2.9\tex\generic\pgfplots\pgfplots
.code.tex"
("C:\Users\Janosch Ott\AppData\Roaming\MiKTeX\2.9\tex\generic\pgfplots\pgfplots
core.code.tex"
\t@pgfplots@toka=\toks46
\t@pgfplots@tokb=\toks47
\t@pgfplots@tokc=\toks48
\pgfplots@tmpa=\dimen182
\c@pgfplots@coordindex=\count161
\c@pgfplots@scanlineindex=\count162

("C:\Users\Janosch Ott\AppData\Roaming\MiKTeX\2.9\tex\generic\pgfplots\sys\pgfp
lotssysgeneric.code.tex"))
("C:\Users\Janosch Ott\AppData\Roaming\MiKTeX\2.9\tex\generic\pgfplots\libs\pgf
plotslibrary.code.tex")
("C:\Users\Janosch Ott\AppData\Roaming\MiKTeX\2.9\tex\generic\pgfplots\oldpgfco
mpatib\pgfplotsoldpgfsupp_loader.code.tex"
("C:\Users\Janosch Ott\AppData\Roaming\MiKTeX\2.9\tex\generic\pgf\libraries\pgf
libraryfpu.code.tex")
Package pgfplots: loading complementary arithmetics for your pgf version...

("C:\Users\Janosch Ott\AppData\Roaming\MiKTeX\2.9\tex\generic\pgfplots\oldpgfco
mpatib\pgfplotsoldpgfsupp_pgflibraryfpu.code.tex")
("C:\Users\Janosch Ott\AppData\Roaming\MiKTeX\2.9\tex\generic\pgfplots\oldpgfco
mpatib\pgfplotsoldpgfsupp_pgfmathfloat.code.tex"
\c@pgfmathroundto@lastzeros=\count163
))
("C:\Users\Janosch Ott\AppData\Roaming\MiKTeX\2.9\tex\generic\pgfplots\util\pgf
plotsutil.code.tex"
("C:\Users\Janosch Ott\AppData\Roaming\MiKTeX\2.9\tex\generic\pgfplots\liststru
cture\pgfplotsliststructure.code.tex")
("C:\Users\Janosch Ott\AppData\Roaming\MiKTeX\2.9\tex\generic\pgfplots\liststru
cture\pgfplotsliststructureext.code.tex")
("C:\Users\Janosch Ott\AppData\Roaming\MiKTeX\2.9\tex\generic\pgfplots\liststru
cture\pgfplotsarray.code.tex"
\c@pgfplotsarray@tmp=\count164
)
("C:\Users\Janosch Ott\AppData\Roaming\MiKTeX\2.9\tex\generic\pgfplots\liststru
cture\pgfplotsmatrix.code.tex")
("C:\Users\Janosch Ott\AppData\Roaming\MiKTeX\2.9\tex\generic\pgfplots\numtable
\pgfplotstableshared.code.tex"
\c@pgfplotstable@counta=\count165
\t@pgfplotstable@a=\toks49
)
("C:\Users\Janosch Ott\AppData\Roaming\MiKTeX\2.9\tex\generic\pgfplots\liststru
cture\pgfplotsdeque.code.tex")
("C:\Users\Janosch Ott\AppData\Roaming\MiKTeX\2.9\tex\generic\pgfplots\util\pgf
plotsbinary.code.tex"
("C:\Users\Janosch Ott\AppData\Roaming\MiKTeX\2.9\tex\generic\pgfplots\util\pgf
plotsbinary.data.code.tex"))
("C:\Users\Janosch Ott\AppData\Roaming\MiKTeX\2.9\tex\generic\pgfplots\util\pgf
plotsutil.verb.code.tex")
("C:\Users\Janosch Ott\AppData\Roaming\MiKTeX\2.9\tex\generic\pgfplots\libs\pgf
librarypgfplots.surfshading.code.tex"
\c@pgfplotslibrarysurf@no=\count166

("C:\Users\Janosch Ott\AppData\Roaming\MiKTeX\2.9\tex\generic\pgfplots\sys\pgfl
ibrarypgfplots.surfshading.pgfsys-pdftex.def")))
("C:\Users\Janosch Ott\AppData\Roaming\MiKTeX\2.9\tex\generic\pgfplots\util\pgf
plotscolormap.code.tex"
("C:\Users\Janosch Ott\AppData\Roaming\MiKTeX\2.9\tex\generic\pgfplots\util\pgf
plotscolor.code.tex"))
("C:\Users\Janosch Ott\AppData\Roaming\MiKTeX\2.9\tex\generic\pgfplots\pgfplots
stackedplots.code.tex")
("C:\Users\Janosch Ott\AppData\Roaming\MiKTeX\2.9\tex\generic\pgfplots\pgfplots
plothandlers.code.tex"
("C:\Users\Janosch Ott\AppData\Roaming\MiKTeX\2.9\tex\generic\pgfplots\pgfplots
meshplothandler.code.tex"
("C:\Users\Janosch Ott\AppData\Roaming\MiKTeX\2.9\tex\generic\pgfplots\pgfplots
meshplotimage.code.tex")))
("C:\Users\Janosch Ott\AppData\Roaming\MiKTeX\2.9\tex\generic\pgfplots\pgfplots
.scaling.code.tex")
("C:\Users\Janosch Ott\AppData\Roaming\MiKTeX\2.9\tex\generic\pgfplots\pgfplots
coordprocessing.code.tex")
("C:\Users\Janosch Ott\AppData\Roaming\MiKTeX\2.9\tex\generic\pgfplots\pgfplots
.errorbars.code.tex")
("C:\Users\Janosch Ott\AppData\Roaming\MiKTeX\2.9\tex\generic\pgfplots\pgfplots
.markers.code.tex")
("C:\Users\Janosch Ott\AppData\Roaming\MiKTeX\2.9\tex\generic\pgfplots\pgfplots
ticks.code.tex")
("C:\Users\Janosch Ott\AppData\Roaming\MiKTeX\2.9\tex\generic\pgfplots\pgfplots
.paths.code.tex")
("C:\Users\Janosch Ott\AppData\Roaming\MiKTeX\2.9\tex\generic\pgf\frontendlayer
\tikz\libraries\tikzlibrarydecorations.code.tex"
("C:\Users\Janosch Ott\AppData\Roaming\MiKTeX\2.9\tex\generic\pgf\modules\pgfmo
duledecorations.code.tex"
\pgfdecoratedcompleteddistance=\dimen183
\pgfdecoratedremainingdistance=\dimen184
\pgfdecoratedinputsegmentcompleteddistance=\dimen185
\pgfdecoratedinputsegmentremainingdistance=\dimen186
\pgf@decorate@distancetomove=\dimen187
\pgf@decorate@repeatstate=\count167
\pgfdecorationsegmentamplitude=\dimen188
\pgfdecorationsegmentlength=\dimen189
)
\tikz@lib@dec@box=\box41
)
("C:\Users\Janosch Ott\AppData\Roaming\MiKTeX\2.9\tex\generic\pgf\frontendlayer
\tikz\libraries\tikzlibrarydecorations.pathmorphing.code.tex"
("C:\Users\Janosch Ott\AppData\Roaming\MiKTeX\2.9\tex\generic\pgf\libraries\dec
orations\pgflibrarydecorations.pathmorphing.code.tex"))
("C:\Users\Janosch Ott\AppData\Roaming\MiKTeX\2.9\tex\generic\pgf\frontendlayer
\tikz\libraries\tikzlibrarydecorations.pathreplacing.code.tex"
("C:\Users\Janosch Ott\AppData\Roaming\MiKTeX\2.9\tex\generic\pgf\libraries\dec
orations\pgflibrarydecorations.pathreplacing.code.tex"))
\pgfplots@numplots=\count168
\pgfplots@xmin@reg=\dimen190
\pgfplots@xmax@reg=\dimen191
\pgfplots@ymin@reg=\dimen192
\pgfplots@ymax@reg=\dimen193
\pgfplots@zmin@reg=\dimen194
\pgfplots@zmax@reg=\dimen195
)
("C:\Users\Janosch Ott\AppData\Roaming\MiKTeX\2.9\tex\generic\pgf\frontendlayer
\tikz\libraries\tikzlibraryplotmarks.code.tex"
File: tikzlibraryplotmarks.code.tex 2008/01/09 v3.0.1a (rcs-revision 1.1)

("C:\Users\Janosch Ott\AppData\Roaming\MiKTeX\2.9\tex\generic\pgf\libraries\pgf
libraryplotmarks.code.tex"
File: pgflibraryplotmarks.code.tex 2015/08/03 v3.0.1a (rcs-revision 1.14)
)))
("C:\Users\Janosch Ott\AppData\Roaming\MiKTeX\2.9\tex\latex\titlesec\titlesec.s
ty"
Package: titlesec 2016/03/21 v2.10.2 Sectioning titles
\ttl@box=\box42
\beforetitleunit=\skip53
\aftertitleunit=\skip54
\ttl@plus=\dimen196
\ttl@minus=\dimen197
\ttl@toksa=\toks50
\titlewidth=\dimen198
\titlewidthlast=\dimen199
\titlewidthfirst=\dimen256
) ("C:\Program Files (x86)\MiKTeX 2.9\tex\latex\tools\multicol.sty"
Package: multicol 2018/04/20 v1.8s multicolumn formatting (FMi)
\c@tracingmulticols=\count169
\mult@box=\box43
\multicol@leftmargin=\dimen257
\c@unbalance=\count170
\c@collectmore=\count171
\doublecol@number=\count172
\multicoltolerance=\count173
\multicolpretolerance=\count174
\full@width=\dimen258
\page@free=\dimen259
\premulticols=\dimen260
\postmulticols=\dimen261
\multicolsep=\skip55
\multicolbaselineskip=\skip56
\partial@page=\box44
\last@line=\box45
\maxbalancingoverflow=\dimen262
\mult@rightbox=\box46
\mult@grightbox=\box47
\mult@gfirstbox=\box48
\mult@firstbox=\box49
\@tempa=\box50
\@tempa=\box51
\@tempa=\box52
\@tempa=\box53
\@tempa=\box54
\@tempa=\box55
\@tempa=\box56
\@tempa=\box57
\@tempa=\box58
\@tempa=\box59
\@tempa=\box60
\@tempa=\box61
\@tempa=\box62
\@tempa=\box63
\@tempa=\box64
\@tempa=\box65
\@tempa=\box66
\c@columnbadness=\count175
\c@finalcolumnbadness=\count176
\last@try=\dimen263
\multicolovershoot=\dimen264
\multicolundershoot=\dimen265
\mult@nat@firstbox=\box67
\colbreak@box=\box68
\mc@col@check@num=\count177
)
("C:\Users\Janosch Ott\AppData\Roaming\MiKTeX\2.9\tex\latex\enumitem\enumitem.s
ty"
Package: enumitem 2011/09/28 v3.5.2 Customized lists
\labelindent=\skip57
\enit@outerparindent=\dimen266
\enit@toks=\toks51
\enit@inbox=\box69
\enitdp@description=\count178
)
\c@thm=\count179
\c@fact=\count180
\c@problem=\count181
 ("graph theory summary small.aux")
\openout1 = `"graph theory summary small.aux"'.

LaTeX Font Info:    Checking defaults for OML/cmm/m/it on input line 98.
LaTeX Font Info:    ... okay on input line 98.
LaTeX Font Info:    Checking defaults for T1/cmr/m/n on input line 98.
LaTeX Font Info:    ... okay on input line 98.
LaTeX Font Info:    Checking defaults for OT1/cmr/m/n on input line 98.
LaTeX Font Info:    ... okay on input line 98.
LaTeX Font Info:    Checking defaults for OMS/cmsy/m/n on input line 98.
LaTeX Font Info:    ... okay on input line 98.
LaTeX Font Info:    Checking defaults for OMX/cmex/m/n on input line 98.
LaTeX Font Info:    ... okay on input line 98.
LaTeX Font Info:    Checking defaults for U/cmr/m/n on input line 98.
LaTeX Font Info:    ... okay on input line 98.
LaTeX Font Info:    Checking defaults for TS1/cmr/m/n on input line 98.
LaTeX Font Info:    Try loading font information for TS1+cmr on input line 98.

("C:\Program Files (x86)\MiKTeX 2.9\tex\latex\base\ts1cmr.fd"
File: ts1cmr.fd 2014/09/29 v2.5h Standard LaTeX font definitions
)
LaTeX Font Info:    ... okay on input line 98.
\c@lstlisting=\count182

("C:\Users\Janosch Ott\AppData\Roaming\MiKTeX\2.9\tex\context\base\supp-pdf.mki
i"
[Loading MPS to PDF converter (version 2006.09.02).]
\scratchcounter=\count183
\scratchdimen=\dimen267
\scratchbox=\box70
\nofMPsegments=\count184
\nofMParguments=\count185
\everyMPshowfont=\toks52
\MPscratchCnt=\count186
\MPscratchDim=\dimen268
\MPnumerator=\count187
\makeMPintoPDFobject=\count188
\everyMPtoPDFconversion=\toks53
) ("C:\Program Files (x86)\MiKTeX 2.9\tex\latex\oberdiek\epstopdf-base.sty"
Package: epstopdf-base 2016/05/15 v2.6 Base part for package epstopdf

("C:\Program Files (x86)\MiKTeX 2.9\tex\generic\oberdiek\infwarerr.sty"
Package: infwarerr 2016/05/16 v1.4 Providing info/warning/error messages (HO)
)
("C:\Program Files (x86)\MiKTeX 2.9\tex\latex\oberdiek\grfext.sty"
Package: grfext 2016/05/16 v1.2 Manage graphics extensions (HO)

("C:\Program Files (x86)\MiKTeX 2.9\tex\generic\oberdiek\kvdefinekeys.sty"
Package: kvdefinekeys 2016/05/16 v1.4 Define keys (HO)

("C:\Program Files (x86)\MiKTeX 2.9\tex\generic\oberdiek\ltxcmds.sty"
Package: ltxcmds 2016/05/16 v1.23 LaTeX kernel commands for general use (HO)
)))
("C:\Program Files (x86)\MiKTeX 2.9\tex\latex\oberdiek\kvoptions.sty"
Package: kvoptions 2016/05/16 v3.12 Key value format for package options (HO)

("C:\Program Files (x86)\MiKTeX 2.9\tex\generic\oberdiek\kvsetkeys.sty"
Package: kvsetkeys 2016/05/16 v1.17 Key value parser (HO)

("C:\Program Files (x86)\MiKTeX 2.9\tex\generic\oberdiek\etexcmds.sty"
Package: etexcmds 2016/05/16 v1.6 Avoid name clashes with e-TeX commands (HO)

("C:\Program Files (x86)\MiKTeX 2.9\tex\generic\oberdiek\ifluatex.sty"
Package: ifluatex 2016/05/16 v1.4 Provides the ifluatex switch (HO)
Package ifluatex Info: LuaTeX not detected.
)
Package etexcmds Info: Could not find \expanded.
(etexcmds)             That can mean that you are not using pdfTeX 1.50 or
(etexcmds)             that some package has redefined \expanded.
(etexcmds)             In the latter case, load this package earlier.
)))
("C:\Program Files (x86)\MiKTeX 2.9\tex\generic\oberdiek\pdftexcmds.sty"
Package: pdftexcmds 2018/01/30 v0.27 Utility functions of pdfTeX for LuaTeX (HO
)
Package pdftexcmds Info: LuaTeX not detected.
Package pdftexcmds Info: \pdf@primitive is available.
Package pdftexcmds Info: \pdf@ifprimitive is available.
Package pdftexcmds Info: \pdfdraftmode found.
)
Package epstopdf-base Info: Redefining graphics rule for `.eps' on input line 4
38.
Package grfext Info: Graphics extension search list:
(grfext)             [.pdf,.png,.jpg,.mps,.jpeg,.jbig2,.jb2,.PDF,.PNG,.JPG,.JPE
G,.JBIG2,.JB2,.eps]
(grfext)             \AppendGraphicsExtensions on input line 456.
)
("C:\Users\Janosch Ott\AppData\Roaming\MiKTeX\2.9\tex\latex\fmtcount\fc-english
.def"
File: fc-english.def 2016/01/12
)
*geometry* driver: auto-detecting
*geometry* detected driver: pdftex
*geometry* verbose mode - [ preamble ] result:
* driver: pdftex
* paper: a4paper
* layout: <same size as paper>
* layoutoffset:(h,v)=(0.0pt,0.0pt)
* modes: landscape 
* h-part:(L,W,R)=(14.22636pt, 816.59412pt, 14.22636pt)
* v-part:(T,H,B)=(14.22636pt, 569.05515pt, 14.22636pt)
* \paperwidth=845.04684pt
* \paperheight=597.50787pt
* \textwidth=816.59412pt
* \textheight=569.05515pt
* \oddsidemargin=-58.04362pt
* \evensidemargin=-58.04362pt
* \topmargin=-95.04362pt
* \headheight=12.0pt
* \headsep=25.0pt
* \topskip=10.0pt
* \footskip=30.0pt
* \marginparwidth=144.0pt
* \marginparsep=11.0pt
* \columnsep=10.0pt
* \skip\footins=9.0pt plus 4.0pt minus 2.0pt
* \hoffset=0.0pt
* \voffset=0.0pt
* \mag=1000
* \@twocolumnfalse
* \@twosidefalse
* \@mparswitchfalse
* \@reversemarginfalse
* (1in=72.27pt=25.4mm, 1cm=28.453pt)

ABD: EveryShipout initializing macros
Package pgfplots notification 'compat/show suggested version=true': you might b
enefit from \pgfplotsset{compat=1.15} (current compat level: 1.12).

LaTeX Font Info:    Try loading font information for U+msa on input line 111.
("C:\Program Files (x86)\MiKTeX 2.9\tex\latex\amsfonts\umsa.fd"
File: umsa.fd 2013/01/14 v3.01 AMS symbols A
)
LaTeX Font Info:    Try loading font information for U+msb on input line 111.

("C:\Program Files (x86)\MiKTeX 2.9\tex\latex\amsfonts\umsb.fd"
File: umsb.fd 2013/01/14 v3.01 AMS symbols B
) [1

{C:/Users/Janosch Ott/AppData/Local/MiKTeX/2.9/pdftex/config/pdftex.map}] [2]
Underfull \hbox (badness 10000) in paragraph at lines 991--991
|[]\OT1/cmr/bx/n/12 Convex dra-wings of 3-connected
 []

[3] [4] [5] ("graph theory summary small.aux") ) 
Here is how much of TeX's memory you used:
 26776 strings out of 493010
 647398 string characters out of 3133961
 881157 words of memory out of 3000000
 30164 multiletter control sequences out of 15000+200000
 6870 words of font info for 25 fonts, out of 3000000 for 9000
 1127 hyphenation exceptions out of 8191
 62i,11n,96p,1047b,784s stack positions out of 5000i,500n,10000p,200000b,50000s
 <C:\Users\Janosch Ott\AppData\
Local\MiKTeX\2.9\fonts\pk\ljfour\jknappen\ec\dpi600\tcti0500.pk> <C:\Users\Jano
sch Ott\AppData\Local\MiKTeX\2.9\fonts\pk\ljfour\jknappen\ec\dpi600\tcrm0500.pk
><C:/Program Files (x86)/MiKTeX 2.9/fonts/type1/public/amsfonts/cm/cmbx12.pfb><
C:/Program Files (x86)/MiKTeX 2.9/fonts/type1/public/amsfonts/cm/cmbx5.pfb><C:/
Program Files (x86)/MiKTeX 2.9/fonts/type1/public/amsfonts/cmextra/cmex7.pfb><C
:/Program Files (x86)/MiKTeX 2.9/fonts/type1/public/amsfonts/cm/cmmi5.pfb><C:/P
rogram Files (x86)/MiKTeX 2.9/fonts/type1/public/amsfonts/cm/cmr10.pfb><C:/Prog
ram Files (x86)/MiKTeX 2.9/fonts/type1/public/amsfonts/cm/cmr5.pfb><C:/Program 
Files (x86)/MiKTeX 2.9/fonts/type1/public/amsfonts/cm/cmsy5.pfb><C:/Program Fil
es (x86)/MiKTeX 2.9/fonts/type1/public/amsfonts/cm/cmti7.pfb><C:/Program Files 
(x86)/MiKTeX 2.9/fonts/type1/public/amsfonts/symbols/msbm5.pfb>
Output written on "graph theory summary small.pdf" (5 pages, 202956 bytes).
PDF statistics:
 67 PDF objects out of 1000 (max. 8388607)
 0 named destinations out of 1000 (max. 500000)
 13 words of extra memory for PDF output out of 10000 (max. 10000000)

